0 info it worked if it ends with ok
1 verbose cli [ 'C:\\Program Files\\nodejs\\node.exe',
1 verbose cli   'C:\\Program Files\\nodejs\\node_modules\\npm\\bin\\npm-cli.js',
1 verbose cli   'install',
1 verbose cli   'phaser-ce@2.7.7' ]
2 info using npm@3.10.10
3 info using node@v6.10.0
4 verbose stack Error: Cannot find module 'github-url-from-git'
4 verbose stack     at Function.Module._resolveFilename (module.js:469:15)
4 verbose stack     at Function.Module._load (module.js:417:25)
4 verbose stack     at Module.require (module.js:497:17)
4 verbose stack     at require (internal/module.js:20:19)
4 verbose stack     at Object.<anonymous> (C:\Program Files\nodejs\node_modules\npm\node_modules\read-package-json\node_modules\normalize-package-data\lib\fixer.js:2:22)
4 verbose stack     at Module._compile (module.js:570:32)
4 verbose stack     at Object.Module._extensions..js (module.js:579:10)
4 verbose stack     at Module.load (module.js:487:32)
4 verbose stack     at tryModuleLoad (module.js:446:12)
4 verbose stack     at Function.Module._load (module.js:438:3)
5 verbose cwd F:\tradeSimple\assets
6 error Windows_NT 6.1.7601
7 error argv "C:\\Program Files\\nodejs\\node.exe" "C:\\Program Files\\nodejs\\node_modules\\npm\\bin\\npm-cli.js" "install" "phaser-ce@2.7.7"
8 error node v6.10.0
9 error npm  v3.10.10
10 error code MODULE_NOT_FOUND
11 error Cannot find module 'github-url-from-git'
12 error If you need help, you may report this error at:
12 error     <https://github.com/npm/npm/issues>
13 verbose exit [ 1, true ]
